Traceback (most recent call last):

  File "C:\Users\Evan\Desktop\Ward_DND_Campaign\Ward_DND_AI\main.py", line 58, in <module>
    main()
    ~~~~^^

  File "C:\Users\Evan\Desktop\Ward_DND_Campaign\Ward_DND_AI\main.py", line 45, in main
    app = LoreMainApp(ai_engine=ai_engine, storage_backend=storage_backend)

  File "C:\Users\Evan\Desktop\Ward_DND_Campaign\Ward_DND_AI\gui\gui.py", line 46, in __init__
    self._setup_browse_tab()
    ~~~~~~~~~~~~~~~~~~~~~~^^

  File "C:\Users\Evan\Desktop\Ward_DND_Campaign\Ward_DND_AI\gui\gui.py", line 106, in _setup_browse_tab
    self._add_tab(BrowseView, BrowseController, "Browse Vault")
    ~~~~~~~~~~~~~^^^^^^^^^^^^^^^^^^^^^^^^^^^^^^^^^^^^^^^^^^^^^^

  File "C:\Users\Evan\Desktop\Ward_DND_Campaign\Ward_DND_AI\gui\gui.py", line 77, in _add_tab
    controller = controller_cls(view, self.storage, self.ai, Config, self.status_var)

  File "C:\Users\Evan\Desktop\Ward_DND_Campaign\Ward_DND_AI\gui\browse\controller_browse.py", line 26, in __init__
    self.load_folders()
    ~~~~~~~~~~~~~~~~~^^

  File "C:\Users\Evan\Desktop\Ward_DND_Campaign\Ward_DND_AI\gui\browse\controller_browse.py", line 41, in load_folders
    vals = self.storage.list_folders()
           ^^^^^^^^^^^^^^^^^^^^^^^^^

AttributeError: 'LoreAI' object has no attribute 'list_folders'
