Timestamp: 2025-06-16T20:22:46.986245
Platform: Windows-10-10.0.19045-SP0
Python: 3.13.4
Executable: C:\Users\Evan\Desktop\Ward_DND_Campaign\.venv\Scripts\python.exe
Args: Ward_DND_AI\main.py
--------------------------------------------------------------------------------
Traceback (most recent call last):
  File "C:\Users\Evan\Desktop\Ward_DND_Campaign\Ward_DND_AI\main.py", line 46, in main
    app = LoreMainApp(ai_engine=ai_engine, storage_backend=storage_backend, config=config)
  File "C:\Users\Evan\Desktop\Ward_DND_Campaign\Ward_DND_AI\gui\gui.py", line 45, in __init__
    self._setup_browse_tab()
    ~~~~~~~~~~~~~~~~~~~~~~^^
  File "C:\Users\Evan\Desktop\Ward_DND_Campaign\Ward_DND_AI\gui\gui.py", line 83, in _setup_browse_tab
    self._add_tab(BrowseView, BrowseController, "Browse Vault")
    ~~~~~~~~~~~~~^^^^^^^^^^^^^^^^^^^^^^^^^^^^^^^^^^^^^^^^^^^^^^
  File "C:\Users\Evan\Desktop\Ward_DND_Campaign\Ward_DND_AI\gui\gui.py", line 69, in _add_tab
    view = view_cls(tab, self.config)
  File "C:\Users\Evan\Desktop\Ward_DND_Campaign\Ward_DND_AI\gui\browse\view_browse.py", line 30, in __init__
    self.notes_listbox = ctk.CTkListbox(content, height=200)
                         ^^^^^^^^^^^^^^
AttributeError: module 'customtkinter' has no attribute 'CTkListbox'. Did you mean: 'CTkTextbox'?
