Timestamp: 2025-06-16T21:18:22.538627
Platform: Windows-10-10.0.19045-SP0
Python: 3.13.4
Executable: C:\Users\Evan\Desktop\Ward_DND_Campaign\.venv\Scripts\python.exe
Args: Ward_DND_AI\main.py
--------------------------------------------------------------------------------
Traceback (most recent call last):
  File "C:\Users\Evan\Desktop\Ward_DND_Campaign\Ward_DND_AI\main.py", line 46, in main
    app = LoreMainApp(ai_engine=ai_engine, storage_backend=storage_backend, config=config)
  File "C:\Users\Evan\Desktop\Ward_DND_Campaign\Ward_DND_AI\gui\gui.py", line 49, in __init__
    self._setup_settings_tab()
    ~~~~~~~~~~~~~~~~~~~~~~~~^^
  File "C:\Users\Evan\Desktop\Ward_DND_Campaign\Ward_DND_AI\gui\gui.py", line 95, in _setup_settings_tab
    self._add_tab(SettingsView, SettingsController, "Settings")
    ~~~~~~~~~~~~~^^^^^^^^^^^^^^^^^^^^^^^^^^^^^^^^^^^^^^^^^^^^^^
  File "C:\Users\Evan\Desktop\Ward_DND_Campaign\Ward_DND_AI\gui\gui.py", line 72, in _add_tab
    controller = controller_cls(view, self.ai, self.storage, self._config, self.status_var)
  File "C:\Users\Evan\Desktop\Ward_DND_Campaign\Ward_DND_AI\gui\settings\controller_settings.py", line 16, in __init__
    self._init_subcontrollers()
    ~~~~~~~~~~~~~~~~~~~~~~~~~^^
  File "C:\Users\Evan\Desktop\Ward_DND_Campaign\Ward_DND_AI\gui\settings\controller_settings.py", line 21, in _init_subcontrollers
    self.controllers["AI"] = AISettingsController(self.v.views["AI"], self.ai, self.storage, self.config, self.status_var)
                             ~~~~~~~~~~~~~~~~~~~~^^^^^^^^^^^^^^^^^^^^^^^^^^^^^^^^^^^^^^^^^^^^^^^^^^^^^^^^^^^^^^^^^^^^^^^^^
  File "C:\Users\Evan\Desktop\Ward_DND_Campaign\Ward_DND_AI\gui\settings\ai\controller_ai.py", line 12, in __init__
    self._load_settings()
    ~~~~~~~~~~~~~~~~~~~^^
  File "C:\Users\Evan\Desktop\Ward_DND_Campaign\Ward_DND_AI\gui\settings\ai\controller_ai.py", line 19, in _load_settings
    self.v.embed_model_var.set(self.config.EMBEDDING_MODEL)
                               ^^^^^^^^^^^^^^^^^^^^^^^^^^^
AttributeError: 'Config' object has no attribute 'EMBEDDING_MODEL'
