Timestamp: 2025-06-26T13:50:37.967789
Platform: Windows-10-10.0.19045-SP0
Python: 3.13.4
Executable: C:\Users\Evan\Desktop\Ward_DND_Campaign\.venv\Scripts\python.exe
Args: Ward_DND_AI\main.py
--------------------------------------------------------------------------------
Traceback (most recent call last):
  File "C:\Users\Evan\Desktop\Ward_DND_Campaign\.venv\Lib\site-packages\pydantic\networks.py", line 946, in import_email_validator
    import email_validator
ModuleNotFoundError: No module named 'email_validator'

The above exception was the direct cause of the following exception:

Traceback (most recent call last):
  File "C:\Users\Evan\Desktop\Ward_DND_Campaign\Ward_DND_AI\main.py", line 15, in <module>
    from Ward_DND_AI.ai.core.model_router import get_model_backend
  File "C:\Users\Evan\Desktop\Ward_DND_Campaign\Ward_DND_AI\ai\core\model_router.py", line 14, in <module>
    from Ward_DND_AI.storage.storage_router import get_storage_backend
  File "C:\Users\Evan\Desktop\Ward_DND_Campaign\Ward_DND_AI\storage\storage_router.py", line 5, in <module>
    from Ward_DND_AI.storage.storage_base import StorageBackend
  File "C:\Users\Evan\Desktop\Ward_DND_Campaign\Ward_DND_AI\storage\storage_base.py", line 4, in <module>
    from Ward_DND_AI.models.user import User
  File "C:\Users\Evan\Desktop\Ward_DND_Campaign\Ward_DND_AI\models\user.py", line 6, in <module>
    class User(BaseModel):
    ...<17 lines>...
            extra = "forbid"
  File "C:\Users\Evan\Desktop\Ward_DND_Campaign\.venv\Lib\site-packages\pydantic\_internal\_model_construction.py", line 237, in __new__
    complete_model_class(
    ~~~~~~~~~~~~~~~~~~~~^
        cls,
        ^^^^
    ...<3 lines>...
        create_model_module=_create_model_module,
        ^^^^^^^^^^^^^^^^^^^^^^^^^^^^^^^^^^^^^^^^^
    )
    ^
  File "C:\Users\Evan\Desktop\Ward_DND_Campaign\.venv\Lib\site-packages\pydantic\_internal\_model_construction.py", line 597, in complete_model_class
    schema = gen_schema.generate_schema(cls)
  File "C:\Users\Evan\Desktop\Ward_DND_Campaign\.venv\Lib\site-packages\pydantic\_internal\_generate_schema.py", line 711, in generate_schema
    schema = self._generate_schema_inner(obj)
  File "C:\Users\Evan\Desktop\Ward_DND_Campaign\.venv\Lib\site-packages\pydantic\_internal\_generate_schema.py", line 1004, in _generate_schema_inner
    return self._model_schema(obj)
           ~~~~~~~~~~~~~~~~~~^^^^^
  File "C:\Users\Evan\Desktop\Ward_DND_Campaign\.venv\Lib\site-packages\pydantic\_internal\_generate_schema.py", line 837, in _model_schema
    {k: self._generate_md_field_schema(k, v, decorators) for k, v in fields.items()},
        ~~~~~~~~~~~~~~~~~~~~~~~~~~~~~~^^^^^^^^^^^^^^^^^^
  File "C:\Users\Evan\Desktop\Ward_DND_Campaign\.venv\Lib\site-packages\pydantic\_internal\_generate_schema.py", line 1206, in _generate_md_field_schema
    common_field = self._common_field_schema(name, field_info, decorators)
  File "C:\Users\Evan\Desktop\Ward_DND_Campaign\.venv\Lib\site-packages\pydantic\_internal\_generate_schema.py", line 1372, in _common_field_schema
    schema = self._apply_annotations(
        source_type,
        annotations + validators_from_decorators,
    )
  File "C:\Users\Evan\Desktop\Ward_DND_Campaign\.venv\Lib\site-packages\pydantic\_internal\_generate_schema.py", line 2297, in _apply_annotations
    schema = get_inner_schema(source_type)
  File "C:\Users\Evan\Desktop\Ward_DND_Campaign\.venv\Lib\site-packages\pydantic\_internal\_schema_generation_shared.py", line 83, in __call__
    schema = self._handler(source_type)
  File "C:\Users\Evan\Desktop\Ward_DND_Campaign\.venv\Lib\site-packages\pydantic\_internal\_generate_schema.py", line 2276, in inner_handler
    schema = self._generate_schema_from_get_schema_method(obj, source_type)
  File "C:\Users\Evan\Desktop\Ward_DND_Campaign\.venv\Lib\site-packages\pydantic\_internal\_generate_schema.py", line 900, in _generate_schema_from_get_schema_method
    schema = get_schema(
        source, CallbackGetCoreSchemaHandler(self._generate_schema_inner, self, ref_mode=ref_mode)
    )
  File "C:\Users\Evan\Desktop\Ward_DND_Campaign\.venv\Lib\site-packages\pydantic\networks.py", line 986, in __get_pydantic_core_schema__
    import_email_validator()
    ~~~~~~~~~~~~~~~~~~~~~~^^
  File "C:\Users\Evan\Desktop\Ward_DND_Campaign\.venv\Lib\site-packages\pydantic\networks.py", line 948, in import_email_validator
    raise ImportError('email-validator is not installed, run `pip install pydantic[email]`') from e
ImportError: email-validator is not installed, run `pip install pydantic[email]`
