Timestamp: 2025-06-16T19:52:43.833371
Platform: Windows-10-10.0.19045-SP0
Python: 3.13.4
Executable: C:\Users\Evan\Desktop\Ward_DND_Campaign\.venv\Scripts\python.exe
Args: Ward_DND_AI\main.py
--------------------------------------------------------------------------------
Traceback (most recent call last):
  File "C:\Users\Evan\Desktop\Ward_DND_Campaign\Ward_DND_AI\main.py", line 46, in main
    app = LoreMainApp(ai_engine=ai_engine, storage_backend=storage_backend, config=config)
  File "C:\Users\Evan\Desktop\Ward_DND_Campaign\Ward_DND_AI\gui\gui.py", line 47, in __init__
    self._setup_random_generator_tab()
    ~~~~~~~~~~~~~~~~~~~~~~~~~~~~~~~~^^
  File "C:\Users\Evan\Desktop\Ward_DND_Campaign\Ward_DND_AI\gui\gui.py", line 89, in _setup_random_generator_tab
    self._add_tab(
    ~~~~~~~~~~~~~^
        RandomGeneratorView, RandomGeneratorController, "Random Generator"
        ^^^^^^^^^^^^^^^^^^^^^^^^^^^^^^^^^^^^^^^^^^^^^^^^^^^^^^^^^^^^^^^^^^
    )
    ^
  File "C:\Users\Evan\Desktop\Ward_DND_Campaign\Ward_DND_AI\gui\gui.py", line 76, in _add_tab
    view.grid(row=0, column=0, sticky="nsew")
    ~~~~~~~~~^^^^^^^^^^^^^^^^^^^^^^^^^^^^^^^^
  File "C:\Users\Evan\Desktop\Ward_DND_Campaign\.venv\Lib\site-packages\customtkinter\windows\widgets\core_widget_classes\ctk_base_class.py", line 321, in grid
    return super().grid(**self._apply_argument_scaling(kwargs))
           ~~~~~~~~~~~~^^^^^^^^^^^^^^^^^^^^^^^^^^^^^^^^^^^^^^^^
  File "C:\Users\Evan\AppData\Local\Programs\Python\Python313\Lib\tkinter\__init__.py", line 2693, in grid_configure
    self.tk.call(
    ~~~~~~~~~~~~^
          ('grid', 'configure', self._w)
          ^^^^^^^^^^^^^^^^^^^^^^^^^^^^^^
          + self._options(cnf, kw))
          ^^^^^^^^^^^^^^^^^^^^^^^^^
_tkinter.TclError: cannot use geometry manager grid inside .!ctktabview.!ctkframe4 which already has slaves managed by pack
