Traceback (most recent call last):

  File "C:\Users\Evan\Desktop\Ward_DND_Campaign\Ward_DND_AI\main.py", line 58, in <module>
    main()
    ~~~~^^

  File "C:\Users\Evan\Desktop\Ward_DND_Campaign\Ward_DND_AI\main.py", line 45, in main
    app = LoreMainApp(ai_engine=ai_engine, storage_backend=storage_backend)

  File "C:\Users\Evan\Desktop\Ward_DND_Campaign\Ward_DND_AI\gui\gui.py", line 56, in __init__
    self._setup_summarize_tab()
    ~~~~~~~~~~~~~~~~~~~~~~~~~^^

  File "C:\Users\Evan\Desktop\Ward_DND_Campaign\Ward_DND_AI\gui\gui.py", line 101, in _setup_summarize_tab
    self._add_tab(SummarizeView, SummarizeController, "Summarize")
    ~~~~~~~~~~~~~^^^^^^^^^^^^^^^^^^^^^^^^^^^^^^^^^^^^^^^^^^^^^^^^^

  File "C:\Users\Evan\Desktop\Ward_DND_Campaign\Ward_DND_AI\gui\gui.py", line 85, in _add_tab
    controller = controller_cls(
        view, self.storage, self.ai, Config, self.status_var
    )

  File "C:\Users\Evan\Desktop\Ward_DND_Campaign\Ward_DND_AI\gui\summarize\controller_summarize.py", line 14, in __init__
    folders = self.storage.get_all_folders()
              ^^^^^^^^^^^^^^^^^^^^^^^^^^^^

AttributeError: 'LoreAI' object has no attribute 'get_all_folders'
