Traceback (most recent call last):

  File "C:\Users\Evan\Desktop\Ward_DND_Campaign\Ward_DND_AI\main.py", line 30, in <module>
    main()
    ~~~~^^

  File "C:\Users\Evan\Desktop\Ward_DND_Campaign\Ward_DND_AI\main.py", line 21, in main
    app = LoreMainApp()

  File "C:\Users\Evan\Desktop\Ward_DND_Campaign\Ward_DND_AI\gui\gui.py", line 34, in __init__
    self._init_layout()
    ~~~~~~~~~~~~~~~~~^^

  File "C:\Users\Evan\Desktop\Ward_DND_Campaign\Ward_DND_AI\gui\gui.py", line 68, in _init_layout
    self._setup_token_tab()
    ~~~~~~~~~~~~~~~~~~~~~^^

  File "C:\Users\Evan\Desktop\Ward_DND_Campaign\Ward_DND_AI\gui\gui.py", line 132, in _setup_token_tab
    self.token_controller = TokenController(
                            ~~~~~~~~~~~~~~~^
        view,
        ^^^^^
    ...<3 lines>...
        self.status_var
        ^^^^^^^^^^^^^^^
    )
    ^

  File "C:\Users\Evan\Desktop\Ward_DND_Campaign\Ward_DND_AI\gui\token\controller_token.py", line 16, in __init__
    self.view.model_entry.insert(0, self.config.MODEL_NAME)
                                    ^^^^^^^^^^^^^^^^^^^^^^

AttributeError: type object 'Config' has no attribute 'MODEL_NAME'
