Timestamp: 2025-06-16T20:26:26.552521
Platform: Windows-10-10.0.19045-SP0
Python: 3.13.4
Executable: C:\Users\Evan\Desktop\Ward_DND_Campaign\.venv\Scripts\python.exe
Args: Ward_DND_AI\main.py
--------------------------------------------------------------------------------
Traceback (most recent call last):
  File "C:\Users\Evan\Desktop\Ward_DND_Campaign\Ward_DND_AI\main.py", line 46, in main
    app = LoreMainApp(ai_engine=ai_engine, storage_backend=storage_backend, config=config)
  File "C:\Users\Evan\Desktop\Ward_DND_Campaign\Ward_DND_AI\gui\gui.py", line 45, in __init__
    self._setup_browse_tab()
    ~~~~~~~~~~~~~~~~~~~~~~^^
  File "C:\Users\Evan\Desktop\Ward_DND_Campaign\Ward_DND_AI\gui\gui.py", line 83, in _setup_browse_tab
    self._add_tab(BrowseView, BrowseController, "Browse Vault")
    ~~~~~~~~~~~~~^^^^^^^^^^^^^^^^^^^^^^^^^^^^^^^^^^^^^^^^^^^^^^
  File "C:\Users\Evan\Desktop\Ward_DND_Campaign\Ward_DND_AI\gui\gui.py", line 73, in _add_tab
    controller = controller_cls(view, self.ai, self.storage, self.config, self.status_var)
  File "C:\Users\Evan\Desktop\Ward_DND_Campaign\Ward_DND_AI\gui\browse\controller_browse.py", line 27, in __init__
    self._bind_events()
    ~~~~~~~~~~~~~~~~~^^
  File "C:\Users\Evan\Desktop\Ward_DND_Campaign\Ward_DND_AI\gui\browse\controller_browse.py", line 35, in _bind_events
    self.v.import_btn.configure(command=self.import_notes)
    ^^^^^^^^^^^^^^^^^
AttributeError: 'BrowseView' object has no attribute 'import_btn'. Did you mean: 'export_btn'?
