Timestamp: 2025-06-15T21:54:40.777279
Platform: Windows-10-10.0.19045-SP0
Python: 3.13.4
Executable: C:\Users\Evan\Desktop\Ward_DND_Campaign\.venv\Scripts\python.exe
Args: Ward_DND_AI\main.py
--------------------------------------------------------------------------------
Traceback (most recent call last):
  File "C:\Users\Evan\Desktop\Ward_DND_Campaign\Ward_DND_AI\gui\gui.py", line 73, in _add_tab
    view = view_cls(parent, Config)
  File "C:\Users\Evan\Desktop\Ward_DND_Campaign\Ward_DND_AI\gui\token\view_token.py", line 9, in __init__
    super().__init__(parent)
    ~~~~~~~~~~~~~~~~^^^^^^^^
TypeError: object.__init__() takes exactly one argument (the instance to initialize)

During handling of the above exception, another exception occurred:

Traceback (most recent call last):
  File "C:\Users\Evan\Desktop\Ward_DND_Campaign\Ward_DND_AI\main.py", line 47, in main
    app = LoreMainApp(ai_engine=ai_engine, storage_backend=storage_backend)
  File "C:\Users\Evan\Desktop\Ward_DND_Campaign\Ward_DND_AI\gui\gui.py", line 57, in __init__
    self._setup_token_tab()
    ~~~~~~~~~~~~~~~~~~~~~^^
  File "C:\Users\Evan\Desktop\Ward_DND_Campaign\Ward_DND_AI\gui\gui.py", line 112, in _setup_token_tab
    self._add_tab(TokenView, TokenController, "Tokens")
    ~~~~~~~~~~~~~^^^^^^^^^^^^^^^^^^^^^^^^^^^^^^^^^^^^^^
  File "C:\Users\Evan\Desktop\Ward_DND_Campaign\Ward_DND_AI\gui\gui.py", line 75, in _add_tab
    view = view_cls(parent)
TypeError: TokenView.__init__() missing 1 required positional argument: 'config'
