Timestamp: 2025-06-16T19:23:31.245729
Platform: Windows-10-10.0.19045-SP0
Python: 3.13.4
Executable: C:\Users\Evan\Desktop\Ward_DND_Campaign\.venv\Scripts\python.exe
Args: Ward_DND_AI\main.py
--------------------------------------------------------------------------------
Traceback (most recent call last):
  File "C:\Users\Evan\Desktop\Ward_DND_Campaign\Ward_DND_AI\main.py", line 46, in main
    app = LoreMainApp(ai_engine=ai_engine, storage_backend=storage_backend, config=config)
  File "C:\Users\Evan\Desktop\Ward_DND_Campaign\Ward_DND_AI\gui\gui.py", line 44, in __init__
    self._setup_summarize_tab()
    ~~~~~~~~~~~~~~~~~~~~~~~~~^^
  File "C:\Users\Evan\Desktop\Ward_DND_Campaign\Ward_DND_AI\gui\gui.py", line 89, in _setup_summarize_tab
    self._add_tab(SummarizeView, SummarizeController, "Summarize")
    ~~~~~~~~~~~~~^^^^^^^^^^^^^^^^^^^^^^^^^^^^^^^^^^^^^^^^^^^^^^^^^
  File "C:\Users\Evan\Desktop\Ward_DND_Campaign\Ward_DND_AI\gui\gui.py", line 72, in _add_tab
    controller = controller_cls(view, self.ai, self.storage, self.config, self.status_var)
  File "C:\Users\Evan\Desktop\Ward_DND_Campaign\Ward_DND_AI\gui\summarize\controller_summarize.py", line 15, in __init__
    self.view.folder_menu.configure(values=folders)
    ^^^^^^^^^^^^^^^^^^^^^
AttributeError: 'SummarizeView' object has no attribute 'folder_menu'. Did you mean: 'folder_entry'?
