Timestamp: 2025-06-16T20:44:01.803657
Platform: Windows-10-10.0.19045-SP0
Python: 3.13.4
Executable: C:\Users\Evan\Desktop\Ward_DND_Campaign\.venv\Scripts\python.exe
Args: Ward_DND_AI\main.py
--------------------------------------------------------------------------------
Traceback (most recent call last):
  File "C:\Users\Evan\Desktop\Ward_DND_Campaign\Ward_DND_AI\main.py", line 46, in main
    app = LoreMainApp(ai_engine=ai_engine, storage_backend=storage_backend, config=config)
  File "C:\Users\Evan\Desktop\Ward_DND_Campaign\Ward_DND_AI\gui\gui.py", line 48, in __init__
    self._setup_timeline_tab()
    ~~~~~~~~~~~~~~~~~~~~~~~~^^
  File "C:\Users\Evan\Desktop\Ward_DND_Campaign\Ward_DND_AI\gui\gui.py", line 94, in _setup_timeline_tab
    self._add_tab(TimelineView, TimelineController, "Timeline")
    ~~~~~~~~~~~~~^^^^^^^^^^^^^^^^^^^^^^^^^^^^^^^^^^^^^^^^^^^^^^
  File "C:\Users\Evan\Desktop\Ward_DND_Campaign\Ward_DND_AI\gui\gui.py", line 73, in _add_tab
    controller = controller_cls(view, self.ai, self.storage, self.config, self.status_var)
  File "C:\Users\Evan\Desktop\Ward_DND_Campaign\Ward_DND_AI\gui\timeline\controller_timeline.py", line 17, in __init__
    self._load_events()
    ~~~~~~~~~~~~~~~~~^^
  File "C:\Users\Evan\Desktop\Ward_DND_Campaign\Ward_DND_AI\gui\timeline\controller_timeline.py", line 22, in _load_events
    self._refresh_listbox()
    ~~~~~~~~~~~~~~~~~~~~~^^
  File "C:\Users\Evan\Desktop\Ward_DND_Campaign\Ward_DND_AI\gui\timeline\controller_timeline.py", line 25, in _refresh_listbox
    self.view.event_list.delete(0, "end")
    ~~~~~~~~~~~~~~~~~~~~~~~~~~~^^^^^^^^^^
  File "C:\Users\Evan\Desktop\Ward_DND_Campaign\.venv\Lib\site-packages\customtkinter\windows\widgets\ctk_textbox.py", line 364, in delete
    return self._textbox.delete(index1, index2)
           ~~~~~~~~~~~~~~~~~~~~^^^^^^^^^^^^^^^^
  File "C:\Users\Evan\AppData\Local\Programs\Python\Python313\Lib\tkinter\__init__.py", line 3826, in delete
    self.tk.call(self._w, 'delete', index1, index2)
    ~~~~~~~~~~~~^^^^^^^^^^^^^^^^^^^^^^^^^^^^^^^^^^^
_tkinter.TclError: bad text index "0"
